<?xml version="1.0" encoding="UTF-8"?>
<testng-results ignored="0" total="1" passed="1" failed="0" skipped="0">
  <reporter-output>
  </reporter-output>
  <suite started-at="2022-12-04T10:04:10 IST" name="Default suite" finished-at="2022-12-04T10:04:43 IST" duration-ms="32512">
    <groups>
    </groups>
    <test started-at="2022-12-04T10:04:10 IST" name="Default test" finished-at="2022-12-04T10:04:43 IST" duration-ms="32512">
      <class name="scripting.TestCase1">
        <test-method is-config="true" signature="openApp()[pri:0, instance:scripting.TestCase1@5c30a9b0]" started-at="2022-12-04T10:04:10 IST" name="openApp" finished-at="2022-12-04T10:04:16 IST" duration-ms="5187" status="PASS">
          <reporter-output>
          </reporter-output>
        </test-method> <!-- openApp -->
        <test-method signature="tc1()[pri:0, instance:scripting.TestCase1@5c30a9b0]" started-at="2022-12-04T10:04:16 IST" name="tc1" finished-at="2022-12-04T10:04:42 IST" duration-ms="26810" status="PASS">
          <reporter-output>
          </reporter-output>
        </test-method> <!-- tc1 -->
        <test-method is-config="true" signature="closeApp(org.testng.ITestResult)[pri:0, instance:scripting.TestCase1@5c30a9b0]" started-at="2022-12-04T10:04:42 IST" name="closeApp" finished-at="2022-12-04T10:04:43 IST" duration-ms="453" status="PASS">
          <params>
            <param index="0">
              <value>
                <![CDATA[[TestResult name=tc1 status=SUCCESS method=TestCase1.tc1()[pri:0, instance:scripting.TestCase1@5c30a9b0] output={null}]]]>
              </value>
            </param>
          </params>
          <reporter-output>
          </reporter-output>
        </test-method> <!-- closeApp -->
      </class> <!-- scripting.TestCase1 -->
    </test> <!-- Default test -->
  </suite> <!-- Default suite -->
</testng-results>
